remote: error: GH013: Repository rule violations found for refs/heads/main.        
remote: 
remote: - GITHUB PUSH PROTECTION        
remote:   —————————————————————————————————————————        
remote:     Resolve the following violations before pushing again        
remote: 
remote:     - Push cannot contain secrets        
remote: 
remote:             
remote:      (?) Learn how to resolve a blocked push        
remote:      https://docs.github.com/code-security/secret-scanning/working-with-secret-scanning-and-push-protection/working-with-push-protection-from-the-command-line#resolving-a-blocked-push        
remote:             
remote:             
remote:       —— Stripe Test API Secret Key ————————————————————————        
remote:        locations:        
remote:          - commit: 7e2ad8e9a1564220c12920cd6f9e3f48687648c4        
remote:            path: .env:3        
remote:             
remote:        (?) To push, remove secret from commit(s) or follow this URL to allow the secret.        
remote:        https://github.com/Satyam15Saini/django_stripe_store/security/secret-scanning/unblock-secret/3C2aqnje02uLKKf6hjHBKqBcMLE        
remote:             
remote: 
remote: 
To https://github.com/Satyam15Saini/django_stripe_store.git
 ! [remote rejected] main -> main (push declined due to repository rule violations)
error: failed to push some refs to 'https://github.com/Satyam15Saini/django_stripe_store.git'
